[35m[1mScanning dependencies of target _dmp_generate_messages_check_deps_DMPPoint[0m
[35m[1mScanning dependencies of target _dmp_generate_messages_check_deps_GetDMPPlan[0m
[35m[1mScanning dependencies of target dmp[0m
[35m[1mScanning dependencies of target _dmp_generate_messages_check_deps_LearnDMPFromDemo[0m
[35m[1mScanning dependencies of target _dmp_generate_messages_check_deps_DMPTraj[0m
[35m[1mScanning dependencies of target _dmp_generate_messages_check_deps_SetActiveDMP[0m
[35m[1mScanning dependencies of target _dmp_generate_messages_check_deps_DMPData[0m
[  0%] Built target _dmp_generate_messages_check_deps_GetDMPPlan
[  0%] Built target _dmp_generate_messages_check_deps_LearnDMPFromDemo
[  0%] Built target _dmp_generate_messages_check_deps_DMPPoint
[  5%] [32mBuilding CXX object CMakeFiles/dmp.dir/src/radial_approx.cpp.o[0m
[  5%] [32mBuilding CXX object CMakeFiles/dmp.dir/src/fourier_approx.cpp.o[0m
[  5%] Built target _dmp_generate_messages_check_deps_DMPData
[  7%] [32mBuilding CXX object CMakeFiles/dmp.dir/src/dmp.cpp.o[0m
[ 10%] [32mBuilding CXX object CMakeFiles/dmp.dir/src/linear_approx.cpp.o[0m
[ 10%] Built target _dmp_generate_messages_check_deps_DMPTraj
[ 10%] Built target _dmp_generate_messages_check_deps_SetActiveDMP
[35m[1mScanning dependencies of target dmp_generate_messages_lisp[0m
[35m[1mScanning dependencies of target dmp_generate_messages_py[0m
[35m[1mScanning dependencies of target dmp_generate_messages_eus[0m
[35m[1mScanning dependencies of target dmp_generate_messages_cpp[0m
[35m[1mScanning dependencies of target dmp_generate_messages_nodejs[0m
[ 12%] [34m[1mGenerating Lisp code from dmp/DMPPoint.msg[0m
[ 17%] [34m[1mGenerating Lisp code from dmp/DMPData.msg[0m
[ 17%] [34m[1mGenerating Python from MSG dmp/DMPData[0m
[ 25%] [34m[1mGenerating Javascript code from dmp/DMPData.msg[0m
[ 25%] [34m[1mGenerating EusLisp code from dmp/DMPData.msg[0m
[ 25%] [34m[1mGenerating C++ code from dmp/DMPData.msg[0m
[ 27%] [34m[1mGenerating Javascript code from dmp/DMPPoint.msg[0m
[ 30%] [34m[1mGenerating Lisp code from dmp/DMPTraj.msg[0m
[ 32%] [34m[1mGenerating Lisp code from dmp/GetDMPPlan.srv[0m
[ 35%] [34m[1mGenerating EusLisp code from dmp/DMPPoint.msg[0m
[ 37%] [34m[1mGenerating Javascript code from dmp/DMPTraj.msg[0m
[ 40%] [34m[1mGenerating EusLisp code from dmp/DMPTraj.msg[0m
[ 42%] [34m[1mGenerating C++ code from dmp/DMPPoint.msg[0m
[ 45%] [34m[1mGenerating Lisp code from dmp/LearnDMPFromDemo.srv[0m
[ 47%] [34m[1mGenerating Python from MSG dmp/DMPPoint[0m
[ 50%] [34m[1mGenerating Javascript code from dmp/GetDMPPlan.srv[0m
[ 52%] [34m[1mGenerating Lisp code from dmp/SetActiveDMP.srv[0m
[ 55%] [34m[1mGenerating Javascript code from dmp/LearnDMPFromDemo.srv[0m
[ 57%] [34m[1mGenerating EusLisp code from dmp/GetDMPPlan.srv[0m
[ 60%] [34m[1mGenerating C++ code from dmp/DMPTraj.msg[0m
[ 62%] [34m[1mGenerating EusLisp code from dmp/LearnDMPFromDemo.srv[0m
[ 65%] [34m[1mGenerating Python from MSG dmp/DMPTraj[0m
[ 67%] [34m[1mGenerating EusLisp code from dmp/SetActiveDMP.srv[0m
[ 70%] [34m[1mGenerating C++ code from dmp/GetDMPPlan.srv[0m
[ 72%] [34m[1mGenerating EusLisp manifest code for dmp[0m
[ 75%] [34m[1mGenerating Python code from SRV dmp/GetDMPPlan[0m
[ 77%] [34m[1mGenerating C++ code from dmp/LearnDMPFromDemo.srv[0m
[ 80%] [34m[1mGenerating Python code from SRV dmp/LearnDMPFromDemo[0m
[ 82%] [34m[1mGenerating C++ code from dmp/SetActiveDMP.srv[0m
[ 85%] [34m[1mGenerating Python code from SRV dmp/SetActiveDMP[0m
[ 87%] [34m[1mGenerating Python msg __init__.py for dmp[0m
[ 90%] [34m[1mGenerating Python srv __init__.py for dmp[0m
In file included from [01m[K/home/ubuntu/catkin_ws_proj/src/dmp/src/dmp.cpp:42[m[K:
[01m[K/home/ubuntu/catkin_ws_proj/src/dmp/include/dmp/dmp.h:47:10:[m[K [01;31m[Kfatal error: [m[Kdmp/SetActiveDMP.h: No such file or directory
   47 | #include [01;31m[K"dmp/SetActiveDMP.h"[m[K
      |          [01;31m[K^~~~~~~~~~~~~~~~~~~~[m[K
compilation terminated.
make[2]: *** [CMakeFiles/dmp.dir/build.make:63: CMakeFiles/dmp.dir/src/dmp.cpp.o] Error 1
make[2]: *** Waiting for unfinished jobs....
[ 92%] [34m[1mGenerating Javascript code from dmp/SetActiveDMP.srv[0m
[ 92%] Built target dmp_generate_messages_cpp
[ 92%] Built target dmp_generate_messages_py
[ 92%] Built target dmp_generate_messages_eus
[ 92%] Built target dmp_generate_messages_lisp
[ 92%] Built target dmp_generate_messages_nodejs
[35m[1mScanning dependencies of target dmp_generate_messages[0m
[ 92%] Built target dmp_generate_messages
make[1]: *** [CMakeFiles/Makefile2:519: CMakeFiles/dmp.dir/all] Error 2
make: *** [Makefile:141: all] Error 2
